This is pdfTeX, Version 3.14159265-2.6-1.40.21 (MiKTeX 20.11) (preloaded format=pdflatex 2020.11.3)  19 FEB 2021 15:20
entering extended mode
**./LA.tex
(LA.tex
LaTeX2e <2020-10-01> patch level 2
L3 programming layer <2020-10-27> xparse <2020-03-03>
(D:\Programme_HDD\MiKTeX\tex/latex/base\article.cls
Document Class: article 2020/04/10 v1.4m Standard LaTeX document class
(D:\Programme_HDD\MiKTeX\tex/latex/base\size10.clo
File: size10.clo 2020/04/10 v1.4m Standard LaTeX file (size option)
)
\c@part=\count175
\c@section=\count176
\c@subsection=\count177
\c@subsubsection=\count178
\c@paragraph=\count179
\c@subparagraph=\count180
\c@figure=\count181
\c@table=\count182
\abovecaptionskip=\skip47
\belowcaptionskip=\skip48
\bibindent=\dimen138
)
(D:\Programme_HDD\MiKTeX\tex/latex/base\inputenc.sty
Package: inputenc 2020/08/01 v1.3d Input encoding file
\inpenc@prehook=\toks15
\inpenc@posthook=\toks16
)
(D:\Programme_HDD\MiKTeX\tex/latex/amsmath\amsmath.sty
Package: amsmath 2020/09/23 v2.17i AMS math features
\@mathmargin=\skip49

For additional information on amsmath, use the `?' option.
(D:\Programme_HDD\MiKTeX\tex/latex/amsmath\amstext.sty
Package: amstext 2000/06/29 v2.01 AMS text

(D:\Programme_HDD\MiKTeX\tex/latex/amsmath\amsgen.sty
File: amsgen.sty 1999/11/30 v2.0 generic functions
\@emptytoks=\toks17
\ex@=\dimen139
))
(D:\Programme_HDD\MiKTeX\tex/latex/amsmath\amsbsy.sty
Package: amsbsy 1999/11/29 v1.2d Bold Symbols
\pmbraise@=\dimen140
)
(D:\Programme_HDD\MiKTeX\tex/latex/amsmath\amsopn.sty
Package: amsopn 2016/03/08 v2.02 operator names
)
\inf@bad=\count183
LaTeX Info: Redefining \frac on input line 234.
\uproot@=\count184
\leftroot@=\count185
LaTeX Info: Redefining \overline on input line 399.
\classnum@=\count186
\DOTSCASE@=\count187
LaTeX Info: Redefining \ldots on input line 496.
LaTeX Info: Redefining \dots on input line 499.
LaTeX Info: Redefining \cdots on input line 620.
\Mathstrutbox@=\box47
\strutbox@=\box48
\big@size=\dimen141
LaTeX Font Info:    Redeclaring font encoding OML on input line 743.
LaTeX Font Info:    Redeclaring font encoding OMS on input line 744.
\macc@depth=\count188
\c@MaxMatrixCols=\count189
\dotsspace@=\muskip16
\c@parentequation=\count190
\dspbrk@lvl=\count191
\tag@help=\toks18
\row@=\count192
\column@=\count193
\maxfields@=\count194
\andhelp@=\toks19
\eqnshift@=\dimen142
\alignsep@=\dimen143
\tagshift@=\dimen144
\tagwidth@=\dimen145
\totwidth@=\dimen146
\lineht@=\dimen147
\@envbody=\toks20
\multlinegap=\skip50
\multlinetaggap=\skip51
\mathdisplay@stack=\toks21
LaTeX Info: Redefining \[ on input line 2923.
LaTeX Info: Redefining \] on input line 2924.
)
(D:\Programme_HDD\MiKTeX\tex/latex/amsfonts\amsfonts.sty
Package: amsfonts 2013/01/14 v3.01 Basic AMSFonts support
\symAMSa=\mathgroup4
\symAMSb=\mathgroup5
LaTeX Font Info:    Redeclaring math symbol \hbar on input line 98.
LaTeX Font Info:    Overwriting math alphabet `\mathfrak' in version `bold'
(Font)                  U/euf/m/n --> U/euf/b/n on input line 106.
)
(D:\Programme_HDD\MiKTeX\tex/latex/amsfonts\amssymb.sty
Package: amssymb 2013/01/14 v3.01 AMS font symbols
)
(D:\Programme_HDD\MiKTeX\tex/latex/graphics\graphicx.sty
Package: graphicx 2020/09/09 v1.2b Enhanced LaTeX Graphics (DPC,SPQR)

(D:\Programme_HDD\MiKTeX\tex/latex/graphics\keyval.sty
Package: keyval 2014/10/28 v1.15 key=value parser (DPC)
\KV@toks@=\toks22
)
(D:\Programme_HDD\MiKTeX\tex/latex/graphics\graphics.sty
Package: graphics 2020/08/30 v1.4c Standard LaTeX Graphics (DPC,SPQR)

(D:\Programme_HDD\MiKTeX\tex/latex/graphics\trig.sty
Package: trig 2016/01/03 v1.10 sin cos tan (DPC)
)
(D:\Programme_HDD\MiKTeX\tex/latex/graphics-cfg\graphics.cfg
File: graphics.cfg 2016/06/04 v1.11 sample graphics configuration
)
Package graphics Info: Driver file: pdftex.def on input line 105.

(D:\Programme_HDD\MiKTeX\tex/latex/graphics-def\pdftex.def
File: pdftex.def 2020/10/05 v1.2a Graphics/color driver for pdftex
))
\Gin@req@height=\dimen148
\Gin@req@width=\dimen149
)
(D:\Programme_HDD\MiKTeX\tex/latex/geometry\geometry.sty
Package: geometry 2020/01/02 v5.9 Page Geometry

(D:\Programme_HDD\MiKTeX\tex/generic/iftex\ifvtex.sty
Package: ifvtex 2019/10/25 v1.7 ifvtex legacy package. Use iftex instead.

(D:\Programme_HDD\MiKTeX\tex/generic/iftex\iftex.sty
Package: iftex 2020/03/06 v1.0d TeX engine tests
))
\Gm@cnth=\count195
\Gm@cntv=\count196
\c@Gm@tempcnt=\count197
\Gm@bindingoffset=\dimen150
\Gm@wd@mp=\dimen151
\Gm@odd@mp=\dimen152
\Gm@even@mp=\dimen153
\Gm@layoutwidth=\dimen154
\Gm@layoutheight=\dimen155
\Gm@layouthoffset=\dimen156
\Gm@layoutvoffset=\dimen157
\Gm@dimlist=\toks23

(D:\Programme_HDD\MiKTeX\tex/latex/geometry\geometry.cfg))
(D:\Programme_HDD\MiKTeX\tex/latex/l3backend\l3backend-pdftex.def
File: l3backend-pdftex.def 2020-09-24 L3 backend support: PDF output (pdfTeX)
\l__kernel_color_stack_int=\count198
\l__pdf_internal_box=\box49
) (LA.aux)
\openout1 = `LA.aux'.

LaTeX Font Info:    Checking defaults for OML/cmm/m/it on input line 12.
LaTeX Font Info:    ... okay on input line 12.
LaTeX Font Info:    Checking defaults for OMS/cmsy/m/n on input line 12.
LaTeX Font Info:    ... okay on input line 12.
LaTeX Font Info:    Checking defaults for OT1/cmr/m/n on input line 12.
LaTeX Font Info:    ... okay on input line 12.
LaTeX Font Info:    Checking defaults for T1/cmr/m/n on input line 12.
LaTeX Font Info:    ... okay on input line 12.
LaTeX Font Info:    Checking defaults for TS1/cmr/m/n on input line 12.
LaTeX Font Info:    ... okay on input line 12.
LaTeX Font Info:    Checking defaults for OMX/cmex/m/n on input line 12.
LaTeX Font Info:    ... okay on input line 12.
LaTeX Font Info:    Checking defaults for U/cmr/m/n on input line 12.
LaTeX Font Info:    ... okay on input line 12.

(D:\Programme_HDD\MiKTeX\tex/context/base/mkii\supp-pdf.mkii
[Loading MPS to PDF converter (version 2006.09.02).]
\scratchcounter=\count199
\scratchdimen=\dimen158
\scratchbox=\box50
\nofMPsegments=\count266
\nofMParguments=\count267
\everyMPshowfont=\toks24
\MPscratchCnt=\count268
\MPscratchDim=\dimen159
\MPnumerator=\count269
\makeMPintoPDFobject=\count270
\everyMPtoPDFconversion=\toks25
) (D:\Programme_HDD\MiKTeX\tex/latex/epstopdf-pkg\epstopdf-base.sty
Package: epstopdf-base 2020-01-24 v2.11 Base part for package epstopdf
Package epstopdf-base Info: Redefining graphics rule for `.eps' on input line 4
85.
)
*geometry* driver: auto-detecting
*geometry* detected driver: pdftex
*geometry* verbose mode - [ preamble ] result:
* driver: pdftex
* paper: a4paper
* layout: <same size as paper>
* layoutoffset:(h,v)=(0.0pt,0.0pt)
* modes: 
* h-part:(L,W,R)=(43.36243pt, 510.78302pt, 43.36243pt)
* v-part:(T,H,B)=(43.36243pt, 758.32199pt, 43.36243pt)
* \paperwidth=597.50787pt
* \paperheight=845.04684pt
* \textwidth=510.78302pt
* \textheight=758.32199pt
* \oddsidemargin=-28.90756pt
* \evensidemargin=-28.90756pt
* \topmargin=-65.90756pt
* \headheight=12.0pt
* \headsep=25.0pt
* \topskip=10.0pt
* \footskip=30.0pt
* \marginparwidth=57.0pt
* \marginparsep=11.0pt
* \columnsep=10.0pt
* \skip\footins=9.0pt plus 4.0pt minus 2.0pt
* \hoffset=0.0pt
* \voffset=0.0pt
* \mag=1000
* \@twocolumnfalse
* \@twosidefalse
* \@mparswitchfalse
* \@reversemarginfalse
* (1in=72.27pt=25.4mm, 1cm=28.453pt)

LaTeX Font Info:    Trying to load font information for U+msa on input line 20.

(D:\Programme_HDD\MiKTeX\tex/latex/amsfonts\umsa.fd
File: umsa.fd 2013/01/14 v3.01 AMS symbols A
)
LaTeX Font Info:    Trying to load font information for U+msb on input line 20.


(D:\Programme_HDD\MiKTeX\tex/latex/amsfonts\umsb.fd
File: umsb.fd 2013/01/14 v3.01 AMS symbols B
)
<Gaussche Zahlenebene.jpg, id=1, 323.64915pt x 232.10715pt>
File: Gaussche Zahlenebene.jpg Graphic file (type jpg)
<use Gaussche Zahlenebene.jpg>
Package pdftex.def Info: Gaussche Zahlenebene.jpg  used on input line 30.
(pdftex.def)             Requested size: 178.00757pt x 127.65932pt.
 [1

{C:/Users/Jan/AppData/Local/MiKTeX/pdftex/config/pdftex.map} <./Gaussche Zahlen
ebene.jpg>] [2]
Overfull \hbox (1.42986pt too wide) in paragraph at lines 133--134
[]\OT1/cmr/m/n/10 fur $\OML/cmm/m/it/10 A \OT1/cmr/m/n/10 = (\OML/cmm/m/it/10 
s[] [] s[]\OT1/cmr/m/n/10 )$ ist der \OT1/cmr/bx/n/10 Spal-tenraum \OT1/cmr/m/n
/10 Col$(\OML/cmm/m/it/10 A\OT1/cmr/m/n/10 ) = []([])$, dim(Col$(\OML/cmm/m/it/
10 A\OT1/cmr/m/n/10 ))$ heit Spal-tenrang (entspricht
 []

[3] [4] (LA.aux) ) 
Here is how much of TeX's memory you used:
 2871 strings out of 479799
 38359 string characters out of 2879641
 331028 words of memory out of 3000000
 19845 multiletter control sequences out of 15000+200000
 541794 words of font info for 53 fonts, out of 3000000 for 9000
 1141 hyphenation exceptions out of 8191
 66i,14n,72p,367b,244s stack positions out of 5000i,500n,10000p,200000b,50000s
 <C:\Users\Jan\AppData\Local\MiKTeX\fonts/pk/ljfour/jknappen/
ec/dpi600\tcrm1000.pk><D:/Programme_HDD/MiKTeX/fonts/type1/public/amsfonts/cmex
tra/cmbsy7.pfb><D:/Programme_HDD/MiKTeX/fonts/type1/public/amsfonts/cm/cmbx10.p
fb><D:/Programme_HDD/MiKTeX/fonts/type1/public/amsfonts/cm/cmbx12.pfb><D:/Progr
amme_HDD/MiKTeX/fonts/type1/public/amsfonts/cm/cmbx7.pfb><D:/Programme_HDD/MiKT
eX/fonts/type1/public/amsfonts/cm/cmbxti10.pfb><D:/Programme_HDD/MiKTeX/fonts/t
ype1/public/amsfonts/cm/cmex10.pfb><D:/Programme_HDD/MiKTeX/fonts/type1/public/
amsfonts/cm/cmmi10.pfb><D:/Programme_HDD/MiKTeX/fonts/type1/public/amsfonts/cm/
cmmi7.pfb><D:/Programme_HDD/MiKTeX/fonts/type1/public/amsfonts/cm/cmmib10.pfb><
D:/Programme_HDD/MiKTeX/fonts/type1/public/amsfonts/cm/cmr10.pfb><D:/Programme_
HDD/MiKTeX/fonts/type1/public/amsfonts/cm/cmr5.pfb><D:/Programme_HDD/MiKTeX/fon
ts/type1/public/amsfonts/cm/cmr7.pfb><D:/Programme_HDD/MiKTeX/fonts/type1/publi
c/amsfonts/cm/cmsy10.pfb><D:/Programme_HDD/MiKTeX/fonts/type1/public/amsfonts/c
m/cmsy7.pfb><D:/Programme_HDD/MiKTeX/fonts/type1/public/amsfonts/cm/cmti10.pfb>
<D:/Programme_HDD/MiKTeX/fonts/type1/public/amsfonts/symbols/msam10.pfb><D:/Pro
gramme_HDD/MiKTeX/fonts/type1/public/amsfonts/symbols/msbm10.pfb>
Output written on LA.pdf (4 pages, 689726 bytes).
PDF statistics:
 89 PDF objects out of 1000 (max. 8388607)
 0 named destinations out of 1000 (max. 500000)
 6 words of extra memory for PDF output out of 10000 (max. 10000000)

